<?xml version="1.0" encoding="UTF-8"?>
<testng-results ignored="0" total="4" passed="2" failed="1" skipped="1">
  <reporter-output>
  </reporter-output>
  <suite started-at="2022-06-18T00:07:51 IST" name="Default suite" finished-at="2022-06-18T00:08:08 IST" duration-ms="17165">
    <groups>
    </groups>
    <test started-at="2022-06-18T00:07:51 IST" name="Default test" finished-at="2022-06-18T00:08:08 IST" duration-ms="17165">
      <class name="TEST.LoginPageTest">
        <test-method is-config="true" signature="extentReports()[pri:0, instance:TEST.LoginPageTest@54e1c68b]" started-at="2022-06-18T00:07:51 IST" name="extentReports" finished-at="2022-06-18T00:07:51 IST" duration-ms="684" status="PASS">
          <reporter-output>
          </reporter-output>
        </test-method> <!-- extentReports -->
        <test-method is-config="true" signature="Browser()[pri:0, instance:TEST.LoginPageTest@54e1c68b]" started-at="2022-06-18T00:07:51 IST" name="Browser" finished-at="2022-06-18T00:07:59 IST" duration-ms="7310" status="PASS">
          <reporter-output>
          </reporter-output>
        </test-method> <!-- Browser -->
        <test-method signature="clickOnLoginWithoutDataTest()[pri:0, instance:TEST.LoginPageTest@54e1c68b]" started-at="2022-06-18T00:07:59 IST" name="clickOnLoginWithoutDataTest" finished-at="2022-06-18T00:08:00 IST" duration-ms="1613" status="FAIL">
          <exception class="java.lang.AssertionError">
            <message>
              <![CDATA[The following asserts failed:
expected [User ID should be minimum 6] but found [User ID should be minimum 6 characters.]]]>
            </message>
            <full-stacktrace>
              <![CDATA[java.lang.AssertionError: The following asserts failed:
expected [User ID should be minimum 6] but found [User ID should be minimum 6 characters.]
at org.testng.asserts.SoftAssert.assertAll(SoftAssert.java:46)
at org.testng.asserts.SoftAssert.assertAll(SoftAssert.java:30)
at TEST.LoginPageTest.clickOnLoginWithoutDataTest(LoginPageTest.java:90)
at java.base/jdk.internal.reflect.NativeMethodAccessorImpl.invoke0(Native Method)
at java.base/jdk.internal.reflect.NativeMethodAccessorImpl.invoke(NativeMethodAccessorImpl.java:77)
at java.base/jdk.internal.reflect.DelegatingMethodAccessorImpl.invoke(DelegatingMethodAccessorImpl.java:43)
at java.base/java.lang.reflect.Method.invoke(Method.java:568)
at org.testng.internal.invokers.MethodInvocationHelper.invokeMethod(MethodInvocationHelper.java:135)
at org.testng.internal.invokers.TestInvoker.invokeMethod(TestInvoker.java:673)
at org.testng.internal.invokers.TestInvoker.invokeTestMethod(TestInvoker.java:220)
at org.testng.internal.invokers.MethodRunner.runInSequence(MethodRunner.java:50)
at org.testng.internal.invokers.TestInvoker$MethodInvocationAgent.invoke(TestInvoker.java:945)
at org.testng.internal.invokers.TestInvoker.invokeTestMethods(TestInvoker.java:193)
at org.testng.internal.invokers.TestMethodWorker.invokeTestMethods(TestMethodWorker.java:146)
at org.testng.internal.invokers.TestMethodWorker.run(TestMethodWorker.java:128)
at java.base/java.util.ArrayList.forEach(ArrayList.java:1511)
at org.testng.TestRunner.privateRun(TestRunner.java:808)
at org.testng.TestRunner.run(TestRunner.java:603)
at org.testng.SuiteRunner.runTest(SuiteRunner.java:429)
at org.testng.SuiteRunner.runSequentially(SuiteRunner.java:423)
at org.testng.SuiteRunner.privateRun(SuiteRunner.java:383)
at org.testng.SuiteRunner.run(SuiteRunner.java:326)
at org.testng.SuiteRunnerWorker.runSuite(SuiteRunnerWorker.java:52)
at org.testng.SuiteRunnerWorker.run(SuiteRunnerWorker.java:95)
at org.testng.TestNG.runSuitesSequentially(TestNG.java:1249)
at org.testng.TestNG.runSuitesLocally(TestNG.java:1169)
at org.testng.TestNG.runSuites(TestNG.java:1092)
at org.testng.TestNG.run(TestNG.java:1060)
at org.testng.remote.AbstractRemoteTestNG.run(AbstractRemoteTestNG.java:115)
at org.testng.remote.RemoteTestNG.initAndRun(RemoteTestNG.java:251)
at org.testng.remote.RemoteTestNG.main(RemoteTestNG.java:77)
]]>
            </full-stacktrace>
          </exception> <!-- java.lang.AssertionError -->
          <reporter-output>
          </reporter-output>
        </test-method> <!-- clickOnLoginWithoutDataTest -->
        <test-method is-config="true" signature="closeBrowser(org.testng.ITestResult)[pri:0, instance:TEST.LoginPageTest@54e1c68b]" started-at="2022-06-18T00:08:00 IST" name="closeBrowser" finished-at="2022-06-18T00:08:00 IST" duration-ms="15" status="PASS">
          <params>
            <param index="0">
              <value>
                <![CDATA[[TestResult name=clickOnLoginWithoutDataTest status=FAILURE method=LoginPageTest.clickOnLoginWithoutDataTest()[pri:0, instance:TEST.LoginPageTest@54e1c68b] output={null}]]]>
              </value>
            </param>
          </params>
          <reporter-output>
          </reporter-output>
        </test-method> <!-- closeBrowser -->
        <test-method is-config="true" signature="Browser()[pri:0, instance:TEST.LoginPageTest@54e1c68b]" started-at="2022-06-18T00:08:00 IST" name="Browser" finished-at="2022-06-18T00:08:03 IST" duration-ms="2157" status="PASS">
          <reporter-output>
          </reporter-output>
        </test-method> <!-- Browser -->
        <test-method signature="forgetPasswordLinkTest()[pri:0, instance:TEST.LoginPageTest@54e1c68b]" started-at="2022-06-18T00:08:03 IST" name="forgetPasswordLinkTest" finished-at="2022-06-18T00:08:03 IST" duration-ms="173" status="PASS">
          <reporter-output>
          </reporter-output>
        </test-method> <!-- forgetPasswordLinkTest -->
        <test-method is-config="true" signature="closeBrowser(org.testng.ITestResult)[pri:0, instance:TEST.LoginPageTest@54e1c68b]" started-at="2022-06-18T00:08:03 IST" name="closeBrowser" finished-at="2022-06-18T00:08:03 IST" duration-ms="0" status="PASS">
          <params>
            <param index="0">
              <value>
                <![CDATA[[TestResult name=forgetPasswordLinkTest status=SUCCESS method=LoginPageTest.forgetPasswordLinkTest()[pri:0, instance:TEST.LoginPageTest@54e1c68b] output={null}]]]>
              </value>
            </param>
          </params>
          <reporter-output>
          </reporter-output>
        </test-method> <!-- closeBrowser -->
        <test-method is-config="true" signature="Browser()[pri:0, instance:TEST.LoginPageTest@54e1c68b]" started-at="2022-06-18T00:08:03 IST" name="Browser" finished-at="2022-06-18T00:08:06 IST" duration-ms="3766" status="PASS">
          <reporter-output>
          </reporter-output>
        </test-method> <!-- Browser -->
        <test-method signature="loginWithValidCredentialsTest()[pri:0, instance:TEST.LoginPageTest@54e1c68b]" started-at="2022-06-18T00:08:06 IST" name="loginWithValidCredentialsTest" finished-at="2022-06-18T00:08:07 IST" duration-ms="570" status="PASS">
          <reporter-output>
          </reporter-output>
        </test-method> <!-- loginWithValidCredentialsTest -->
        <test-method is-config="true" signature="closeBrowser(org.testng.ITestResult)[pri:0, instance:TEST.LoginPageTest@54e1c68b]" started-at="2022-06-18T00:08:07 IST" name="closeBrowser" finished-at="2022-06-18T00:08:07 IST" duration-ms="1" status="PASS">
          <params>
            <param index="0">
              <value>
                <![CDATA[[TestResult name=loginWithValidCredentialsTest status=SUCCESS method=LoginPageTest.loginWithValidCredentialsTest()[pri:0, instance:TEST.LoginPageTest@54e1c68b] output={null}]]]>
              </value>
            </param>
          </params>
          <reporter-output>
          </reporter-output>
        </test-method> <!-- closeBrowser -->
        <test-method signature="signupLinkTest()[pri:0, instance:TEST.LoginPageTest@54e1c68b]" started-at="2022-06-18T00:08:07 IST" name="signupLinkTest" finished-at="2022-06-18T00:08:07 IST" depends-on-methods="TEST.LoginPageTest.clickOnLoginWithoutDataTest" duration-ms="0" status="SKIP">
          <exception class="java.lang.Throwable">
            <message>
              <![CDATA[Method TEST.LoginPageTest.signupLinkTest() on instance TEST.LoginPageTest@54e1c68b depends on not successfully finished methods 
[TEST.LoginPageTest.clickOnLoginWithoutDataTest() on instance TEST.LoginPageTest@54e1c68b]]]>
            </message>
            <full-stacktrace>
              <![CDATA[java.lang.Throwable: Method TEST.LoginPageTest.signupLinkTest() on instance TEST.LoginPageTest@54e1c68b depends on not successfully finished methods 
[TEST.LoginPageTest.clickOnLoginWithoutDataTest() on instance TEST.LoginPageTest@54e1c68b]
at org.testng.internal.invokers.TestInvoker.invokeTestMethods(TestInvoker.java:149)
at org.testng.internal.invokers.TestMethodWorker.invokeTestMethods(TestMethodWorker.java:146)
at org.testng.internal.invokers.TestMethodWorker.run(TestMethodWorker.java:128)
at java.base/java.util.ArrayList.forEach(ArrayList.java:1511)
at org.testng.TestRunner.privateRun(TestRunner.java:808)
at org.testng.TestRunner.run(TestRunner.java:603)
at org.testng.SuiteRunner.runTest(SuiteRunner.java:429)
at org.testng.SuiteRunner.runSequentially(SuiteRunner.java:423)
at org.testng.SuiteRunner.privateRun(SuiteRunner.java:383)
at org.testng.SuiteRunner.run(SuiteRunner.java:326)
at org.testng.SuiteRunnerWorker.runSuite(SuiteRunnerWorker.java:52)
at org.testng.SuiteRunnerWorker.run(SuiteRunnerWorker.java:95)
at org.testng.TestNG.runSuitesSequentially(TestNG.java:1249)
at org.testng.TestNG.runSuitesLocally(TestNG.java:1169)
at org.testng.TestNG.runSuites(TestNG.java:1092)
at org.testng.TestNG.run(TestNG.java:1060)
at org.testng.remote.AbstractRemoteTestNG.run(AbstractRemoteTestNG.java:115)
at org.testng.remote.RemoteTestNG.initAndRun(RemoteTestNG.java:251)
at org.testng.remote.RemoteTestNG.main(RemoteTestNG.java:77)
]]>
            </full-stacktrace>
          </exception> <!-- java.lang.Throwable -->
          <reporter-output>
          </reporter-output>
        </test-method> <!-- signupLinkTest -->
        <test-method is-config="true" signature="flushResult()[pri:0, instance:TEST.LoginPageTest@54e1c68b]" started-at="2022-06-18T00:08:07 IST" name="flushResult" finished-at="2022-06-18T00:08:08 IST" duration-ms="767" status="PASS">
          <reporter-output>
          </reporter-output>
        </test-method> <!-- flushResult -->
      </class> <!-- TEST.LoginPageTest -->
    </test> <!-- Default test -->
  </suite> <!-- Default suite -->
</testng-results>
